<?xml version="1.0" encoding="UTF-8"?>
<!-- Generated by org.testng.reporters.JUnitReportReporter -->
<testsuite name="TestCases.shareride" tests="2" time="59.201" ignored="0" failures="0" timestamp="24 Nov 2018 16:50:53 GMT" skipped="0" hostname="DESKTOP-2KCUDK8" errors="0">
  <testcase name="myticket" time="19.039" classname="TestCases.shareride"/>
  <testcase name="share" time="40.162" classname="TestCases.shareride"/>
</testsuite> <!-- TestCases.shareride -->
