<?xml version="1.0" encoding="UTF-8"?>
<!-- Generated by org.testng.reporters.JUnitReportReporter -->
<testsuite name="TestCases.Manofest" tests="2" time="86.455" ignored="0" failures="0" timestamp="17 Oct 2018 11:03:31 GMT" skipped="0" hostname="DESKTOP-2KCUDK8" errors="0">
  <testcase name="Dest" time="20.296" classname="TestCases.Manofest"/>
  <testcase name="Case1" time="66.159" classname="TestCases.Manofest"/>
</testsuite> <!-- TestCases.Manofest -->
