<?xml version="1.0" encoding="UTF-8"?>
<!-- Generated by org.testng.reporters.JUnitReportReporter -->
<testsuite name="TestCases.PopulareventsBook" tests="1" time="52.511" ignored="0" failures="0" timestamp="17 Oct 2018 07:10:06 GMT" skipped="0" hostname="DESKTOP-2KCUDK8" errors="0">
  <testcase name="Case1" time="52.511" classname="TestCases.PopulareventsBook"/>
</testsuite> <!-- TestCases.PopulareventsBook -->
