<?xml version="1.0" encoding="UTF-8"?>
<!-- Generated by org.testng.reporters.JUnitReportReporter -->
<testsuite name="TestCases.LRMosaic" tests="1" time="39.929" ignored="0" failures="0" timestamp="24 Nov 2018 08:11:58 GMT" skipped="0" hostname="DESKTOP-2KCUDK8" errors="0">
  <testcase name="Case1" time="39.929" classname="TestCases.LRMosaic"/>
</testsuite> <!-- TestCases.LRMosaic -->
